{"numTotalTestSuites":25,"numPassedTestSuites":18,"numFailedTestSuites":7,"numPendingTestSuites":0,"numTotalTests":34,"numPassedTests":26,"numFailedTests":7,"numPendingTests":1,"numTodoTests":0,"snapshot":{"added":0,"failure":false,"filesAdded":0,"filesRemoved":0,"filesRemovedList":[],"filesUnmatched":0,"filesUpdated":0,"matched":0,"total":0,"unchecked":0,"uncheckedKeysByFile":[],"unmatched":0,"updated":0,"didUpdate":false},"startTime":1771948149460,"success":false,"testResults":[{"assertionResults":[{"ancestorTitles":["MigrationDialog"],"fullName":"MigrationDialog should not render when isOpen is false","status":"passed","title":"should not render when isOpen is false","duration":25.381600000000162,"failureMessages":[],"meta":{}},{"ancestorTitles":["MigrationDialog"],"fullName":"MigrationDialog should render correct item count and call callbacks","status":"passed","title":"should render correct item count and call callbacks","duration":148.1934999999994,"failureMessages":[],"meta":{}},{"ancestorTitles":["MigrationDialog"],"fullName":"MigrationDialog should disable buttons when loading","status":"passed","title":"should disable buttons when loading","duration":302.08120000000054,"failureMessages":[],"meta":{}}],"startTime":1771948153620,"endTime":1771948154096.0813,"status":"passed","message":"","name":"D:/trash/trakerevo/src/components/MigrationDialog.test.tsx"},{"assertionResults":[{"ancestorTitles":["Animation Variants","cardVariants"],"fullName":"Animation Variants cardVariants should have correct hidden state","status":"failed","title":"should have correct hidden state","duration":17.38819999999987,"failureMessages":["AssertionError: expected { opacity: +0 } to deeply equal { opacity: +0, scale: 0.9, y: 20 }\n    at D:/trash/trakerevo/src/test/animations.test.ts:7:35\n    at file:///D:/trash/trakerevo/node_modules/@vitest/runner/dist/index.js:145:11\n    at file:///D:/trash/trakerevo/node_modules/@vitest/runner/dist/index.js:915:26\n    at file:///D:/trash/trakerevo/node_modules/@vitest/runner/dist/index.js:1243:20\n    at new Promise (<anonymous>)\n    at runWithTimeout (file:///D:/trash/trakerevo/node_modules/@vitest/runner/dist/index.js:1209:10)\n    at file:///D:/trash/trakerevo/node_modules/@vitest/runner/dist/index.js:1653:37\n    at Traces.$ (file:///D:/trash/trakerevo/node_modules/vitest/dist/chunks/traces.CCmnQaNT.js:142:27)\n    at trace (file:///D:/trash/trakerevo/node_modules/vitest/dist/chunks/test.B8ej_ZHS.js:239:21)\n    at runTest (file:///D:/trash/trakerevo/node_modules/@vitest/runner/dist/index.js:1653:12)"],"meta":{}},{"ancestorTitles":["Animation Variants","cardVariants"],"fullName":"Animation Variants cardVariants should generate correct visible state with delay","status":"failed","title":"should generate correct visible state with delay","duration":1.2925000000000182,"failureMessages":["TypeError: __vite_ssr_import_1__.cardVariants.visible is not a function\n    at D:/trash/trakerevo/src/test/animations.test.ts:12:42\n    at file:///D:/trash/trakerevo/node_modules/@vitest/runner/dist/index.js:145:11\n    at file:///D:/trash/trakerevo/node_modules/@vitest/runner/dist/index.js:915:26\n    at file:///D:/trash/trakerevo/node_modules/@vitest/runner/dist/index.js:1243:20\n    at new Promise (<anonymous>)\n    at runWithTimeout (file:///D:/trash/trakerevo/node_modules/@vitest/runner/dist/index.js:1209:10)\n    at file:///D:/trash/trakerevo/node_modules/@vitest/runner/dist/index.js:1653:37\n    at Traces.$ (file:///D:/trash/trakerevo/node_modules/vitest/dist/chunks/traces.CCmnQaNT.js:142:27)\n    at trace (file:///D:/trash/trakerevo/node_modules/vitest/dist/chunks/test.B8ej_ZHS.js:239:21)\n    at runTest (file:///D:/trash/trakerevo/node_modules/@vitest/runner/dist/index.js:1653:12)"],"meta":{}},{"ancestorTitles":["Animation Variants","pageVariants"],"fullName":"Animation Variants pageVariants should have correct initial state","status":"failed","title":"should have correct initial state","duration":3.027100000000246,"failureMessages":["AssertionError: expected { opacity: +0 } to deeply equal { opacity: +0, scale: 0.98, y: 10 }\n    at D:/trash/trakerevo/src/test/animations.test.ts:23:36\n    at file:///D:/trash/trakerevo/node_modules/@vitest/runner/dist/index.js:145:11\n    at file:///D:/trash/trakerevo/node_modules/@vitest/runner/dist/index.js:915:26\n    at file:///D:/trash/trakerevo/node_modules/@vitest/runner/dist/index.js:1243:20\n    at new Promise (<anonymous>)\n    at runWithTimeout (file:///D:/trash/trakerevo/node_modules/@vitest/runner/dist/index.js:1209:10)\n    at file:///D:/trash/trakerevo/node_modules/@vitest/runner/dist/index.js:1653:37\n    at Traces.$ (file:///D:/trash/trakerevo/node_modules/vitest/dist/chunks/traces.CCmnQaNT.js:142:27)\n    at trace (file:///D:/trash/trakerevo/node_modules/vitest/dist/chunks/test.B8ej_ZHS.js:239:21)\n    at runTest (file:///D:/trash/trakerevo/node_modules/@vitest/runner/dist/index.js:1653:12)"],"meta":{}},{"ancestorTitles":["Animation Variants","pageVariants"],"fullName":"Animation Variants pageVariants should have correct enter state","status":"failed","title":"should have correct enter state","duration":2.076499999999669,"failureMessages":["AssertionError: expected undefined to be 1 // Object.is equality\n    at D:/trash/trakerevo/src/test/animations.test.ts:29:27\n    at file:///D:/trash/trakerevo/node_modules/@vitest/runner/dist/index.js:145:11\n    at file:///D:/trash/trakerevo/node_modules/@vitest/runner/dist/index.js:915:26\n    at file:///D:/trash/trakerevo/node_modules/@vitest/runner/dist/index.js:1243:20\n    at new Promise (<anonymous>)\n    at runWithTimeout (file:///D:/trash/trakerevo/node_modules/@vitest/runner/dist/index.js:1209:10)\n    at file:///D:/trash/trakerevo/node_modules/@vitest/runner/dist/index.js:1653:37\n    at Traces.$ (file:///D:/trash/trakerevo/node_modules/vitest/dist/chunks/traces.CCmnQaNT.js:142:27)\n    at trace (file:///D:/trash/trakerevo/node_modules/vitest/dist/chunks/test.B8ej_ZHS.js:239:21)\n    at runTest (file:///D:/trash/trakerevo/node_modules/@vitest/runner/dist/index.js:1653:12)"],"meta":{}}],"startTime":1771948152364,"endTime":1771948152388.0764,"status":"failed","message":"","name":"D:/trash/trakerevo/src/test/animations.test.ts"},{"assertionResults":[{"ancestorTitles":["ApiService - searchAll"],"fullName":"ApiService - searchAll should return cached results if available and not expired","status":"passed","title":"should return cached results if available and not expired","duration":3.007499999999709,"failureMessages":[],"meta":{}},{"ancestorTitles":["ApiService - searchAll"],"fullName":"ApiService - searchAll should aggregate results from enabled providers and cache them","status":"passed","title":"should aggregate results from enabled providers and cache them","duration":1.1239000000000487,"failureMessages":[],"meta":{}},{"ancestorTitles":["ApiService - searchAll"],"fullName":"ApiService - searchAll should exclude results from disabled providers","status":"passed","title":"should exclude results from disabled providers","duration":0.45699999999987995,"failureMessages":[],"meta":{}}],"startTime":1771948153129,"endTime":1771948153134.457,"status":"passed","message":"","name":"D:/trash/trakerevo/src/test/api.test.ts"},{"assertionResults":[{"ancestorTitles":["ApiClient"],"fullName":"ApiClient should perform a get request","status":"passed","title":"should perform a get request","duration":4.898299999999836,"failureMessages":[],"meta":{}},{"ancestorTitles":["ApiClient"],"fullName":"ApiClient should return data from RAWG request","status":"passed","title":"should return data from RAWG request","duration":0.5574999999998909,"failureMessages":[],"meta":{}}],"startTime":1771948153028,"endTime":1771948153033.5576,"status":"passed","message":"","name":"D:/trash/trakerevo/src/test/apiClient.test.ts"},{"assertionResults":[{"ancestorTitles":["migrateGuestData"],"fullName":"migrateGuestData should clear database and sync in replace mode","status":"passed","title":"should clear database and sync in replace mode","duration":5.962500000000091,"failureMessages":[],"meta":{}},{"ancestorTitles":["migrateGuestData"],"fullName":"migrateGuestData should merge lists by name and deduplicate items by externalId","status":"passed","title":"should merge lists by name and deduplicate items by externalId","duration":5.140800000000127,"failureMessages":[],"meta":{}},{"ancestorTitles":["migrateGuestData"],"fullName":"migrateGuestData should create new remote list if no match found during merge","status":"passed","title":"should create new remote list if no match found during merge","duration":2.4054000000000997,"failureMessages":[],"meta":{}},{"ancestorTitles":["syncAll"],"fullName":"syncAll should return error result if user is not authenticated","status":"passed","title":"should return error result if user is not authenticated","duration":0.7226000000000568,"failureMessages":[],"meta":{}},{"ancestorTitles":["syncAll"],"fullName":"syncAll should return success and processed counts on successful sync","status":"passed","title":"should return success and processed counts on successful sync","duration":1.5819000000001324,"failureMessages":[],"meta":{}},{"ancestorTitles":["syncAll"],"fullName":"syncAll should capture errors during different phases","status":"passed","title":"should capture errors during different phases","duration":1.6059000000000196,"failureMessages":[],"meta":{}}],"startTime":1771948152837,"endTime":1771948152855.606,"status":"passed","message":"","name":"D:/trash/trakerevo/src/test/dbSync.test.ts"},{"assertionResults":[],"startTime":1771948149460,"endTime":1771948149460,"status":"failed","message":"__vite_ssr_import_0__.default.create is not a function","name":"D:/trash/trakerevo/src/test/discover.test.ts"},{"assertionResults":[{"ancestorTitles":["getProxiedImageUrl"],"fullName":"getProxiedImageUrl should return undefined if url is undefined","status":"passed","title":"should return undefined if url is undefined","duration":1.5104999999998654,"failureMessages":[],"meta":{}},{"ancestorTitles":["getProxiedImageUrl"],"fullName":"getProxiedImageUrl should return the same url if it already contains wsrv.nl","status":"passed","title":"should return the same url if it already contains wsrv.nl","duration":0.523200000000088,"failureMessages":[],"meta":{}},{"ancestorTitles":["getProxiedImageUrl"],"fullName":"getProxiedImageUrl should proxy TMDB images using wsrv.nl in development","status":"passed","title":"should proxy TMDB images using wsrv.nl in development","duration":1.8366000000000895,"failureMessages":[],"meta":{}},{"ancestorTitles":["getProxiedImageUrl"],"fullName":"getProxiedImageUrl should use local proxy path for TMDB images in production","status":"skipped","title":"should use local proxy path for TMDB images in production","failureMessages":[],"meta":{}},{"ancestorTitles":["getProxiedImageUrl"],"fullName":"getProxiedImageUrl should return original url for non-TMDB images","status":"passed","title":"should return original url for non-TMDB images","duration":0.33809999999994034,"failureMessages":[],"meta":{}}],"startTime":1771948152780,"endTime":1771948152785.3381,"status":"passed","message":"","name":"D:/trash/trakerevo/src/test/images.test.ts"},{"assertionResults":[{"ancestorTitles":["ItemDetail Components","HLTBTile"],"fullName":"ItemDetail Components HLTBTile renders HLTB stats correctly","status":"passed","title":"renders HLTB stats correctly","duration":107.34920000000011,"failureMessages":[],"meta":{}},{"ancestorTitles":["ItemDetail Components","DetailDescription"],"fullName":"ItemDetail Components DetailDescription renders description text","status":"passed","title":"renders description text","duration":6.808999999999742,"failureMessages":[],"meta":{}},{"ancestorTitles":["ItemDetail Components","ItemNotesAndList"],"fullName":"ItemDetail Components ItemNotesAndList renders notes and allows editing","status":"passed","title":"renders notes and allows editing","duration":41.651400000000194,"failureMessages":[],"meta":{}},{"ancestorTitles":["ItemDetail Components","ItemNotesAndList"],"fullName":"ItemDetail Components ItemNotesAndList renders list options and handles change","status":"passed","title":"renders list options and handles change","duration":15.774600000000191,"failureMessages":[],"meta":{}},{"ancestorTitles":["ItemDetail Components","ItemNotesAndList"],"fullName":"ItemDetail Components ItemNotesAndList handles save and delete clicks","status":"passed","title":"handles save and delete clicks","duration":28.0341999999996,"failureMessages":[],"meta":{}}],"startTime":1771948153409,"endTime":1771948153610.0342,"status":"passed","message":"","name":"D:/trash/trakerevo/src/test/itemDetailComponents.test.tsx"},{"assertionResults":[{"ancestorTitles":["Simple Test"],"fullName":"Simple Test should pass","status":"passed","title":"should pass","duration":1.6952000000001135,"failureMessages":[],"meta":{}}],"startTime":1771948152728,"endTime":1771948152729.6953,"status":"passed","message":"","name":"D:/trash/trakerevo/src/test/sanity.test.ts"},{"assertionResults":[{"ancestorTitles":["haptics utility"],"fullName":"haptics utility should use Telegram haptics when available","status":"failed","title":"should use Telegram haptics when available","duration":7.581899999999678,"failureMessages":["AssertionError: expected \"vi.fn()\" to be called with arguments: [ 'medium' ]\u001b[90m\n\nNumber of calls: \u001b[1m0\u001b[22m\n\u001b[39m\n    at Proxy.<anonymous> (file:///D:/trash/trakerevo/node_modules/@vitest/expect/dist/index.js:1420:10)\n    at Proxy.<anonymous> (file:///D:/trash/trakerevo/node_modules/@vitest/expect/dist/index.js:1090:14)\n    at Proxy.methodWrapper (file:///D:/trash/trakerevo/node_modules/chai/index.js:1700:25)\n    at D:/trash/trakerevo/src/utils/haptics.test.ts:29:24\n    at file:///D:/trash/trakerevo/node_modules/@vitest/runner/dist/index.js:145:11\n    at file:///D:/trash/trakerevo/node_modules/@vitest/runner/dist/index.js:915:26\n    at file:///D:/trash/trakerevo/node_modules/@vitest/runner/dist/index.js:1243:20\n    at new Promise (<anonymous>)\n    at runWithTimeout (file:///D:/trash/trakerevo/node_modules/@vitest/runner/dist/index.js:1209:10)\n    at file:///D:/trash/trakerevo/node_modules/@vitest/runner/dist/index.js:1653:37"],"meta":{}},{"ancestorTitles":["haptics utility"],"fullName":"haptics utility should fallback to navigator.vibrate when Telegram is not available","status":"passed","title":"should fallback to navigator.vibrate when Telegram is not available","duration":1.669999999999618,"failureMessages":[],"meta":{}},{"ancestorTitles":["haptics utility"],"fullName":"haptics utility should handle notifications correctly (Telegram)","status":"failed","title":"should handle notifications correctly (Telegram)","duration":1.1190000000001419,"failureMessages":["AssertionError: expected \"vi.fn()\" to be called with arguments: [ 'success' ]\u001b[90m\n\nNumber of calls: \u001b[1m0\u001b[22m\n\u001b[39m\n    at Proxy.<anonymous> (file:///D:/trash/trakerevo/node_modules/@vitest/expect/dist/index.js:1420:10)\n    at Proxy.<anonymous> (file:///D:/trash/trakerevo/node_modules/@vitest/expect/dist/index.js:1090:14)\n    at Proxy.methodWrapper (file:///D:/trash/trakerevo/node_modules/chai/index.js:1700:25)\n    at D:/trash/trakerevo/src/utils/haptics.test.ts:45:30\n    at file:///D:/trash/trakerevo/node_modules/@vitest/runner/dist/index.js:145:11\n    at file:///D:/trash/trakerevo/node_modules/@vitest/runner/dist/index.js:915:26\n    at file:///D:/trash/trakerevo/node_modules/@vitest/runner/dist/index.js:1243:20\n    at new Promise (<anonymous>)\n    at runWithTimeout (file:///D:/trash/trakerevo/node_modules/@vitest/runner/dist/index.js:1209:10)\n    at file:///D:/trash/trakerevo/node_modules/@vitest/runner/dist/index.js:1653:37"],"meta":{}},{"ancestorTitles":["haptics utility"],"fullName":"haptics utility should handle notifications fallback (Navigator)","status":"passed","title":"should handle notifications fallback (Navigator)","duration":0.5182999999997264,"failureMessages":[],"meta":{}},{"ancestorTitles":["haptics utility"],"fullName":"haptics utility should handle selection change","status":"failed","title":"should handle selection change","duration":0.8637000000003354,"failureMessages":["AssertionError: expected \"vi.fn()\" to be called at least once\n    at Proxy.<anonymous> (file:///D:/trash/trakerevo/node_modules/@vitest/expect/dist/index.js:1400:10)\n    at Proxy.<anonymous> (file:///D:/trash/trakerevo/node_modules/@vitest/expect/dist/index.js:1090:14)\n    at Proxy.methodWrapper (file:///D:/trash/trakerevo/node_modules/chai/index.js:1700:25)\n    at D:/trash/trakerevo/src/utils/haptics.test.ts:57:27\n    at file:///D:/trash/trakerevo/node_modules/@vitest/runner/dist/index.js:145:11\n    at file:///D:/trash/trakerevo/node_modules/@vitest/runner/dist/index.js:915:26\n    at file:///D:/trash/trakerevo/node_modules/@vitest/runner/dist/index.js:1243:20\n    at new Promise (<anonymous>)\n    at runWithTimeout (file:///D:/trash/trakerevo/node_modules/@vitest/runner/dist/index.js:1209:10)\n    at file:///D:/trash/trakerevo/node_modules/@vitest/runner/dist/index.js:1653:37"],"meta":{}}],"startTime":1771948152734,"endTime":1771948152745.8638,"status":"failed","message":"","name":"D:/trash/trakerevo/src/utils/haptics.test.ts"}]}